<?xml version="1.0" encoding="UTF-8"?>
<!DOCTYPE hibernate-configuration PUBLIC
  "-//Hibernate/Hibernate Configuration DTD 3.0//EN"
  "http://www.hibernate.org/dtd/hibernate-configuration-3.0.dtd">

<hibernate-configuration>
	<session-factory>
		<!-- We're using HSQL database so the dialect needs to HSQL as well -->
		<!-- <property name="hibernate.dialect">org.hibernate.dialect.HSQLDialect</property> 
		org.hibernate.dialect.MySQLDialect
		-->
		<property name="hibernate.dialect">org.hibernate.dialect.MySQL5InnoDBDialect</property>
		<!-- Enable this to see the SQL statements in the logs -->
		<property name="show_sql">true</property>
		<!-- This will update our existing database.-->
		<property name="hbm2ddl.auto">create</property>
		
		<!-- <mapping package="com.green.custom.sql.type.mapping" />  -->
		
	</session-factory>
</hibernate-configuration>